<?xml version="1.0" encoding="UTF-8"?>
<testsuites name="TS_Cura Health Services" time="25.545" tests="1" failures="0" errors="0">
   <testsuite name="TS_Cura Health Services" tests="1" failures="0" errors="0" time="25.545" skipped="0" timestamp="2025-07-29T10:16:25.913Z" hostname="sashidharmudigonda - 192.168.1.8" id="Test Suites/TS_Cura Health Services">
      <properties>
[...]
</properties>
      <testcase name="Test Cases/Cura Health Services/TC_Cura Health Service - Login" time="25.362" classname="Test Cases/Cura Health Services/TC_Cura Health Service - Login" status="PASSED">
         <system-out><![CDATA[29-07-2025T15:46:26 - [TEST_CASE][PASSED] - Test Cases/Cura Health Services/TC_Cura Health Service - Login: Test Cases/Cura Health Services/TC_Cura Health Service - Login

29-07-2025T15:46:26 - [TEST_STEP][PASSED] - Start listener action : enableSauceLabs: [SAUCELABS] Saucelabs Plugin will not attempt to auto update job status and information !

29-07-2025T15:46:26 - [MESSAGE][INFO] - [SAUCELABS] Current run configuration: TestCloud - Windows, Chrome, version=140, Tunnel=false

29-07-2025T15:46:26 - [MESSAGE][INFO] - [SAUCELABS] Saucelabs Plugin will not attempt to auto update job status and information !

29-07-2025T15:46:26 - [TEST_STEP][PASSED] - openBrowser(""): Browser is opened with url: ''

29-07-2025T15:46:26 - [MESSAGE][INFO] - User set preference: ['browserVersion', '140']

29-07-2025T15:46:26 - [MESSAGE][INFO] - User set preference: ['browserName', 'chrome']

29-07-2025T15:46:26 - [MESSAGE][INFO] - User set preference: ['platformName', 'windows']

29-07-2025T15:46:26 - [MESSAGE][INFO] - User set preference: ['katalon:options', '{metadata={organizationId=2135177, accountId=1489519, channel=kse;v=10.2.3, projectId=2100129}, executionMode=queue, usingTunnel=false}']

29-07-2025T15:46:26 - [MESSAGE][INFO] - Connecting to remote web server 'testcloud.katalon.com/wd/hub' with type 'Selenium'

29-07-2025T15:46:26 - [MESSAGE][INFO] - Action delay is set to 0 milliseconds

29-07-2025T15:46:35 - [MESSAGE][WARNING] - Your browser version or type does not support the BiDirectional WebDriver Protocol which is required for Smart Locator functionality. Please update your browser or switch to a compatible one.

29-07-2025T15:46:35 - [MESSAGE][WARNING] - Your browser version or type does not support the BiDirectional WebDriver Protocol which is required for Smart Locator functionality. Please update your browser or switch to a compatible one.

29-07-2025T15:46:35 - [MESSAGE][WARNING] - Your browser version or type does not support the BiDirectional WebDriver Protocol which is required for Smart Locator functionality. Please update your browser or switch to a compatible one.

29-07-2025T15:46:35 - [MESSAGE][PASSED] - Browser is opened with url: ''

29-07-2025T15:46:35 - [TEST_STEP][PASSED] - navigateToUrl("https://katalon-demo-cura.herokuapp.com/"): Navigate to 'https://katalon-demo-cura.herokuapp.com/' successfully

29-07-2025T15:46:36 - [MESSAGE][PASSED] - Navigate to 'https://katalon-demo-cura.herokuapp.com/' successfully

29-07-2025T15:46:36 - [TEST_STEP][PASSED] - switchToWindowTitle("CURA Healthcare Service"): Switched to window with title: 'CURA Healthcare Service'

29-07-2025T15:46:37 - [MESSAGE][PASSED] - Switched to window with title: 'CURA Healthcare Service'

29-07-2025T15:46:37 - [TEST_STEP][PASSED] - verifyElementText(findTestObject("Object Repository/Page_CURA Healthcare Service/h1_CURA Healthcare Service"), "CURA Healthcare Service"): Actual text and expected text of test object 'Object Repository/Page_CURA Healthcare Service/h1_CURA Healthcare Service' are matched.

29-07-2025T15:46:39 - [MESSAGE][PASSED] - Actual text and expected text of test object 'Object Repository/Page_CURA Healthcare Service/h1_CURA Healthcare Service' are matched.

29-07-2025T15:46:39 - [TEST_STEP][PASSED] - verifyElementText(findTestObject("Object Repository/Page_CURA Healthcare Service/a_Make Appointment"), "Make Appointment"): Actual text and expected text of test object 'Object Repository/Page_CURA Healthcare Service/a_Make Appointment' are matched.

29-07-2025T15:46:40 - [MESSAGE][PASSED] - Actual text and expected text of test object 'Object Repository/Page_CURA Healthcare Service/a_Make Appointment' are matched.

29-07-2025T15:46:40 - [TEST_STEP][PASSED] - click(findTestObject("Object Repository/Page_CURA Healthcare Service/a_Make Appointment")): Object: 'Object Repository/Page_CURA Healthcare Service/a_Make Appointment' is clicked on

29-07-2025T15:46:42 - [MESSAGE][PASSED] - Object: 'Object Repository/Page_CURA Healthcare Service/a_Make Appointment' is clicked on

29-07-2025T15:46:42 - [TEST_STEP][PASSED] - verifyElementText(findTestObject("Object Repository/Page_CURA Healthcare Service/h2_Login"), "Login"): Actual text and expected text of test object 'Object Repository/Page_CURA Healthcare Service/h2_Login' are matched.

29-07-2025T15:46:43 - [MESSAGE][PASSED] - Actual text and expected text of test object 'Object Repository/Page_CURA Healthcare Service/h2_Login' are matched.

29-07-2025T15:46:43 - [TEST_STEP][PASSED] - setText(findTestObject("Object Repository/Page_CURA Healthcare Service/input_Username_username"), "John Doe"): Text 'John Doe' is set on object 'Object Repository/Page_CURA Healthcare Service/input_Username_username'

29-07-2025T15:46:47 - [MESSAGE][PASSED] - Text 'John Doe' is set on object 'Object Repository/Page_CURA Healthcare Service/input_Username_username'

29-07-2025T15:46:47 - [TEST_STEP][PASSED] - setEncryptedText(findTestObject("Object Repository/Page_CURA Healthcare Service/input_Password_password"), "g3/DOGG74jC3Flrr3yH+3D/yKbOqqUNM"): Text ****** has been set on object 'Object Repository/Page_CURA Healthcare Service/input_Password_password'

29-07-2025T15:46:49 - [MESSAGE][PASSED] - Text ****** has been set on object 'Object Repository/Page_CURA Healthcare Service/input_Password_password'

29-07-2025T15:46:49 - [TEST_STEP][PASSED] - click(findTestObject("Object Repository/Page_CURA Healthcare Service/button_Login")): Object: 'Object Repository/Page_CURA Healthcare Service/button_Login' is clicked on

29-07-2025T15:46:51 - [MESSAGE][PASSED] - Object: 'Object Repository/Page_CURA Healthcare Service/button_Login' is clicked on

29-07-2025T15:46:51 - [TEST_STEP][PASSED] - closeBrowser(): Browser is closed

29-07-2025T15:46:51 - [MESSAGE][PASSED] - Browser is closed

29-07-2025T15:46:51 - [TEST_STEP][PASSED] - Start listener action : autoUpdateJobStatus: [SAUCELABS] Current run configuration: TestCloud - Windows, Chrome, version=140, Tunnel=false

29-07-2025T15:46:51 - [MESSAGE][INFO] - [SAUCELABS] Current run configuration: TestCloud - Windows, Chrome, version=140, Tunnel=false]]></system-out>
         <system-err><![CDATA[]]></system-err>
      </testcase>
      <system-out><![CDATA[29-07-2025T15:46:25 - [TEST_SUITE][PASSED] - TS_Cura Health Services: null]]></system-out>
      <system-err><![CDATA[]]></system-err>
   </testsuite>
</testsuites>
