<?xml version="1.0" encoding="UTF-8"?>
<testsuites name="TS_Orange HR" time="88.895" tests="2" failures="0" errors="0">
   <testsuite name="TS_Orange HR" tests="2" failures="0" errors="0" time="88.895" skipped="0" timestamp="2025-07-29T10:16:45.987Z" hostname="sashidharmudigonda - 192.168.1.8" id="Test Suites/TS_Orange HR">
      <properties>
[...]
</properties>
      <testcase name="Test Cases/Cura Health Services/TC_Cura Health Services - Make Appointment" time="49.652" classname="Test Cases/Cura Health Services/TC_Cura Health Services - Make Appointment" status="PASSED">
         <system-out><![CDATA[29-07-2025T15:46:46 - [TEST_CASE][PASSED] - Test Cases/Cura Health Services/TC_Cura Health Services - Make Appointment: Test Cases/Cura Health Services/TC_Cura Health Services - Make Appointment

29-07-2025T15:46:46 - [TEST_STEP][PASSED] - Start listener action : enableSauceLabs: [SAUCELABS] Saucelabs Plugin will not attempt to auto update job status and information !

29-07-2025T15:46:46 - [MESSAGE][INFO] - [SAUCELABS] Current run configuration: TestCloud - macOS, Msedge, version=140, Tunnel=false

29-07-2025T15:46:46 - [MESSAGE][INFO] - [SAUCELABS] Saucelabs Plugin will not attempt to auto update job status and information !

29-07-2025T15:46:46 - [TEST_STEP][PASSED] - openBrowser(""): Browser is opened with url: ''

29-07-2025T15:46:46 - [MESSAGE][INFO] - User set preference: ['browserVersion', '140']

29-07-2025T15:46:46 - [MESSAGE][INFO] - User set preference: ['browserName', 'msedge']

29-07-2025T15:46:46 - [MESSAGE][INFO] - User set preference: ['platformName', 'macos']

29-07-2025T15:46:46 - [MESSAGE][INFO] - User set preference: ['katalon:options', '{metadata={organizationId=2135177, accountId=1489519, channel=kse;v=10.2.3, projectId=2100129}, executionMode=queue, usingTunnel=false}']

29-07-2025T15:46:46 - [MESSAGE][INFO] - Connecting to remote web server 'testcloud.katalon.com/wd/hub' with type 'Selenium'

29-07-2025T15:46:46 - [MESSAGE][INFO] - Action delay is set to 0 milliseconds

29-07-2025T15:47:09 - [MESSAGE][WARNING] - Your browser version or type does not support the BiDirectional WebDriver Protocol which is required for Smart Locator functionality. Please update your browser or switch to a compatible one.

29-07-2025T15:47:09 - [MESSAGE][WARNING] - Your browser version or type does not support the BiDirectional WebDriver Protocol which is required for Smart Locator functionality. Please update your browser or switch to a compatible one.

29-07-2025T15:47:09 - [MESSAGE][WARNING] - Your browser version or type does not support the BiDirectional WebDriver Protocol which is required for Smart Locator functionality. Please update your browser or switch to a compatible one.

29-07-2025T15:47:09 - [MESSAGE][PASSED] - Browser is opened with url: ''

29-07-2025T15:47:09 - [TEST_STEP][PASSED] - navigateToUrl("https://katalon-demo-cura.herokuapp.com/"): Navigate to 'https://katalon-demo-cura.herokuapp.com/' successfully

29-07-2025T15:47:10 - [MESSAGE][PASSED] - Navigate to 'https://katalon-demo-cura.herokuapp.com/' successfully

29-07-2025T15:47:10 - [TEST_STEP][PASSED] - switchToWindowTitle("CURA Healthcare Service"): Switched to window with title: 'CURA Healthcare Service'

29-07-2025T15:47:11 - [MESSAGE][PASSED] - Switched to window with title: 'CURA Healthcare Service'

29-07-2025T15:47:11 - [TEST_STEP][PASSED] - verifyElementText(findTestObject("Object Repository/Page_CURA Healthcare Service/h1_CURA Healthcare Service"), "CURA Healthcare Service"): Actual text and expected text of test object 'Object Repository/Page_CURA Healthcare Service/h1_CURA Healthcare Service' are matched.

29-07-2025T15:47:13 - [MESSAGE][PASSED] - Actual text and expected text of test object 'Object Repository/Page_CURA Healthcare Service/h1_CURA Healthcare Service' are matched.

29-07-2025T15:47:13 - [TEST_STEP][PASSED] - click(findTestObject("Object Repository/Page_CURA Healthcare Service/a_Make Appointment")): Object: 'Object Repository/Page_CURA Healthcare Service/a_Make Appointment' is clicked on

29-07-2025T15:47:15 - [MESSAGE][PASSED] - Object: 'Object Repository/Page_CURA Healthcare Service/a_Make Appointment' is clicked on

29-07-2025T15:47:15 - [TEST_STEP][PASSED] - setText(findTestObject("Object Repository/Page_CURA Healthcare Service/input_Username_username"), "John Doe"): Text 'John Doe' is set on object 'Object Repository/Page_CURA Healthcare Service/input_Username_username'

29-07-2025T15:47:19 - [MESSAGE][PASSED] - Text 'John Doe' is set on object 'Object Repository/Page_CURA Healthcare Service/input_Username_username'

29-07-2025T15:47:19 - [TEST_STEP][PASSED] - setEncryptedText(findTestObject("Object Repository/Page_CURA Healthcare Service/input_Password_password"), "g3/DOGG74jC3Flrr3yH+3D/yKbOqqUNM"): Text ****** has been set on object 'Object Repository/Page_CURA Healthcare Service/input_Password_password'

29-07-2025T15:47:22 - [MESSAGE][PASSED] - Text ****** has been set on object 'Object Repository/Page_CURA Healthcare Service/input_Password_password'

29-07-2025T15:47:22 - [TEST_STEP][PASSED] - click(findTestObject("Object Repository/Page_CURA Healthcare Service/button_Login")): Object: 'Object Repository/Page_CURA Healthcare Service/button_Login' is clicked on

29-07-2025T15:47:23 - [MESSAGE][PASSED] - Object: 'Object Repository/Page_CURA Healthcare Service/button_Login' is clicked on

29-07-2025T15:47:23 - [TEST_STEP][PASSED] - click(findTestObject("Object Repository/Page_CURA Healthcare Service/label_Visit Date (Required)")): Object: 'Object Repository/Page_CURA Healthcare Service/label_Visit Date (Required)' is clicked on

29-07-2025T15:47:25 - [MESSAGE][PASSED] - Object: 'Object Repository/Page_CURA Healthcare Service/label_Visit Date (Required)' is clicked on

29-07-2025T15:47:25 - [TEST_STEP][PASSED] - setText(findTestObject("Object Repository/Page_CURA Healthcare Service/input_Visit Date (Required)_visit_date"), "31/12/2005"): Text '31/12/2005' is set on object 'Object Repository/Page_CURA Healthcare Service/input_Visit Date (Required)_visit_date'

29-07-2025T15:47:29 - [MESSAGE][PASSED] - Text '31/12/2005' is set on object 'Object Repository/Page_CURA Healthcare Service/input_Visit Date (Required)_visit_date'

29-07-2025T15:47:29 - [TEST_STEP][PASSED] - click(findTestObject("Object Repository/Page_CURA Healthcare Service/form_Facility                              _20adf0")): Object: 'Object Repository/Page_CURA Healthcare Service/form_Facility                              _20adf0' is clicked on

29-07-2025T15:47:31 - [MESSAGE][PASSED] - Object: 'Object Repository/Page_CURA Healthcare Service/form_Facility                              _20adf0' is clicked on

29-07-2025T15:47:31 - [TEST_STEP][PASSED] - click(findTestObject("Object Repository/Page_CURA Healthcare Service/button_Book Appointment")): Object: 'Object Repository/Page_CURA Healthcare Service/button_Book Appointment' is clicked on

29-07-2025T15:47:33 - [MESSAGE][PASSED] - Object: 'Object Repository/Page_CURA Healthcare Service/button_Book Appointment' is clicked on

29-07-2025T15:47:33 - [TEST_STEP][PASSED] - click(findTestObject("Object Repository/Page_CURA Healthcare Service/a_Go to Homepage")): Object: 'Object Repository/Page_CURA Healthcare Service/a_Go to Homepage' is clicked on

29-07-2025T15:47:35 - [MESSAGE][PASSED] - Object: 'Object Repository/Page_CURA Healthcare Service/a_Go to Homepage' is clicked on

29-07-2025T15:47:35 - [TEST_STEP][PASSED] - closeBrowser(): Browser is closed

29-07-2025T15:47:35 - [MESSAGE][PASSED] - Browser is closed

29-07-2025T15:47:35 - [TEST_STEP][PASSED] - Start listener action : autoUpdateJobStatus: [SAUCELABS] Current run configuration: TestCloud - macOS, Msedge, version=140, Tunnel=false

29-07-2025T15:47:35 - [MESSAGE][INFO] - [SAUCELABS] Current run configuration: TestCloud - macOS, Msedge, version=140, Tunnel=false]]></system-out>
         <system-err><![CDATA[]]></system-err>
      </testcase>
      <testcase name="Test Cases/Cura Health Services/TC_Cura Health Service - Login" time="39.092" classname="Test Cases/Cura Health Services/TC_Cura Health Service - Login" status="PASSED">
         <system-out><![CDATA[29-07-2025T15:47:35 - [TEST_CASE][PASSED] - Test Cases/Cura Health Services/TC_Cura Health Service - Login: Test Cases/Cura Health Services/TC_Cura Health Service - Login

29-07-2025T15:47:35 - [TEST_STEP][PASSED] - Start listener action : enableSauceLabs: [SAUCELABS] Saucelabs Plugin will not attempt to auto update job status and information !

29-07-2025T15:47:35 - [MESSAGE][INFO] - [SAUCELABS] Current run configuration: TestCloud - macOS, Msedge, version=140, Tunnel=false

29-07-2025T15:47:35 - [MESSAGE][INFO] - [SAUCELABS] Saucelabs Plugin will not attempt to auto update job status and information !

29-07-2025T15:47:35 - [TEST_STEP][PASSED] - openBrowser(""): Browser is opened with url: ''

29-07-2025T15:47:35 - [MESSAGE][INFO] - User set preference: ['browserVersion', '140']

29-07-2025T15:47:35 - [MESSAGE][INFO] - User set preference: ['browserName', 'msedge']

29-07-2025T15:47:35 - [MESSAGE][INFO] - User set preference: ['platformName', 'macos']

29-07-2025T15:47:35 - [MESSAGE][INFO] - User set preference: ['katalon:options', '{metadata={organizationId=2135177, accountId=1489519, channel=kse;v=10.2.3, projectId=2100129}, executionMode=queue, usingTunnel=false}']

29-07-2025T15:47:35 - [MESSAGE][INFO] - Connecting to remote web server 'testcloud.katalon.com/wd/hub' with type 'Selenium'

29-07-2025T15:47:35 - [MESSAGE][INFO] - Action delay is set to 0 milliseconds

29-07-2025T15:47:56 - [MESSAGE][WARNING] - Your browser version or type does not support the BiDirectional WebDriver Protocol which is required for Smart Locator functionality. Please update your browser or switch to a compatible one.

29-07-2025T15:47:56 - [MESSAGE][WARNING] - Your browser version or type does not support the BiDirectional WebDriver Protocol which is required for Smart Locator functionality. Please update your browser or switch to a compatible one.

29-07-2025T15:47:56 - [MESSAGE][WARNING] - Your browser version or type does not support the BiDirectional WebDriver Protocol which is required for Smart Locator functionality. Please update your browser or switch to a compatible one.

29-07-2025T15:47:57 - [MESSAGE][PASSED] - Browser is opened with url: ''

29-07-2025T15:47:57 - [TEST_STEP][PASSED] - navigateToUrl("https://katalon-demo-cura.herokuapp.com/"): Navigate to 'https://katalon-demo-cura.herokuapp.com/' successfully

29-07-2025T15:47:57 - [MESSAGE][PASSED] - Navigate to 'https://katalon-demo-cura.herokuapp.com/' successfully

29-07-2025T15:47:57 - [TEST_STEP][PASSED] - switchToWindowTitle("CURA Healthcare Service"): Switched to window with title: 'CURA Healthcare Service'

29-07-2025T15:47:59 - [MESSAGE][PASSED] - Switched to window with title: 'CURA Healthcare Service'

29-07-2025T15:47:59 - [TEST_STEP][PASSED] - verifyElementText(findTestObject("Object Repository/Page_CURA Healthcare Service/h1_CURA Healthcare Service"), "CURA Healthcare Service"): Actual text and expected text of test object 'Object Repository/Page_CURA Healthcare Service/h1_CURA Healthcare Service' are matched.

29-07-2025T15:48:00 - [MESSAGE][PASSED] - Actual text and expected text of test object 'Object Repository/Page_CURA Healthcare Service/h1_CURA Healthcare Service' are matched.

29-07-2025T15:48:00 - [TEST_STEP][PASSED] - verifyElementText(findTestObject("Object Repository/Page_CURA Healthcare Service/a_Make Appointment"), "Make Appointment"): Actual text and expected text of test object 'Object Repository/Page_CURA Healthcare Service/a_Make Appointment' are matched.

29-07-2025T15:48:02 - [MESSAGE][PASSED] - Actual text and expected text of test object 'Object Repository/Page_CURA Healthcare Service/a_Make Appointment' are matched.

29-07-2025T15:48:02 - [TEST_STEP][PASSED] - click(findTestObject("Object Repository/Page_CURA Healthcare Service/a_Make Appointment")): Object: 'Object Repository/Page_CURA Healthcare Service/a_Make Appointment' is clicked on

29-07-2025T15:48:04 - [MESSAGE][PASSED] - Object: 'Object Repository/Page_CURA Healthcare Service/a_Make Appointment' is clicked on

29-07-2025T15:48:04 - [TEST_STEP][PASSED] - verifyElementText(findTestObject("Object Repository/Page_CURA Healthcare Service/h2_Login"), "Login"): Actual text and expected text of test object 'Object Repository/Page_CURA Healthcare Service/h2_Login' are matched.

29-07-2025T15:48:06 - [MESSAGE][PASSED] - Actual text and expected text of test object 'Object Repository/Page_CURA Healthcare Service/h2_Login' are matched.

29-07-2025T15:48:06 - [TEST_STEP][PASSED] - setText(findTestObject("Object Repository/Page_CURA Healthcare Service/input_Username_username"), "John Doe"): Text 'John Doe' is set on object 'Object Repository/Page_CURA Healthcare Service/input_Username_username'

29-07-2025T15:48:10 - [MESSAGE][PASSED] - Text 'John Doe' is set on object 'Object Repository/Page_CURA Healthcare Service/input_Username_username'

29-07-2025T15:48:10 - [TEST_STEP][PASSED] - setEncryptedText(findTestObject("Object Repository/Page_CURA Healthcare Service/input_Password_password"), "g3/DOGG74jC3Flrr3yH+3D/yKbOqqUNM"): Text ****** has been set on object 'Object Repository/Page_CURA Healthcare Service/input_Password_password'

29-07-2025T15:48:12 - [MESSAGE][PASSED] - Text ****** has been set on object 'Object Repository/Page_CURA Healthcare Service/input_Password_password'

29-07-2025T15:48:12 - [TEST_STEP][PASSED] - click(findTestObject("Object Repository/Page_CURA Healthcare Service/button_Login")): Object: 'Object Repository/Page_CURA Healthcare Service/button_Login' is clicked on

29-07-2025T15:48:14 - [MESSAGE][PASSED] - Object: 'Object Repository/Page_CURA Healthcare Service/button_Login' is clicked on

29-07-2025T15:48:14 - [TEST_STEP][PASSED] - closeBrowser(): Browser is closed

29-07-2025T15:48:14 - [MESSAGE][PASSED] - Browser is closed

29-07-2025T15:48:14 - [TEST_STEP][PASSED] - Start listener action : autoUpdateJobStatus: [SAUCELABS] Current run configuration: TestCloud - macOS, Msedge, version=140, Tunnel=false

29-07-2025T15:48:14 - [MESSAGE][INFO] - [SAUCELABS] Current run configuration: TestCloud - macOS, Msedge, version=140, Tunnel=false]]></system-out>
         <system-err><![CDATA[]]></system-err>
      </testcase>
      <system-out><![CDATA[29-07-2025T15:46:45 - [TEST_SUITE][PASSED] - TS_Orange HR: null]]></system-out>
      <system-err><![CDATA[]]></system-err>
   </testsuite>
</testsuites>
